-------------------------------------------------------------------------------
Test set: com.hd.homepage.test.cucumber.DefinitionTestSuite
-------------------------------------------------------------------------------
Tests run: 22, Failures: 0, Errors: 2, Skipped: 0, Time elapsed: 83.347 sec <<< FAILURE! - in com.hd.homepage.test.cucumber.DefinitionTestSuite
Then verify the search result page(Scenario: Test for valid suggestion select)  Time elapsed: 0.005 sec  <<< ERROR!
net.serenitybdd.core.exceptions.SerenityManagedException: 
no such element: Unable to locate element: {"method":"css selector","selector":"main.main_content-article-text h1"}
  (Session info: chrome=63.0.3239.132)
  (Driver info: chromedriver=2.34.522932 (4140ab217e1ca1bec0c4b4d1b148f3361eb3a03e),platform=Mac OS X 10.12.6 x86_64) (WARNING: The server did not provide any stacktrace information)
Command duration or timeout: 20.05 seconds
For documentation on this error, please visit: http://seleniumhq.org/exceptions/no_such_element.html
Build info: version: '3.4.0', revision: 'unknown', time: 'unknown'
System info: host: 'HAMACLT0082', ip: 'fe80:0:0:0:18c3:930b:6e49:99ac%en0', os.name: 'Mac OS X', os.arch: 'x86_64', os.version: '10.12.6', java.version: '1.8.0_144'
Driver info: org.openqa.selenium.chrome.ChromeDriver
Capabilities [{applicationCacheEnabled=false, rotatable=false, mobileEmulationEnabled=false, networkConnectionEnabled=false, chrome={chromedriverVersion=2.34.522932 (4140ab217e1ca1bec0c4b4d1b148f3361eb3a03e), userDataDir=/var/folders/7j/vbgtkd3935xdgks4tc5rzmk80000gn/T/.org.chromium.Chromium.ZB6Jwg}, takesHeapSnapshot=true, pageLoadStrategy=normal, databaseEnabled=false, handlesAlerts=true, hasTouchScreen=false, version=63.0.3239.132, platform=MAC, browserConnectionEnabled=false, nativeEvents=true, acceptSslCerts=true, locationContextEnabled=true, webStorageEnabled=true, browserName=chrome, takesScreenshot=true, javascriptEnabled=true, cssSelectorsEnabled=true, setWindowRect=true, unexpectedAlertBehaviour=}]
Session ID: 31f03fd4ed4e6632dc40f190564f6449
*** Element info: {Using=css selector, value=main.main_content-article-text h1}

Scenario: Test for valid suggestion select  Time elapsed: 0.005 sec  <<< ERROR!
net.serenitybdd.core.exceptions.SerenityManagedException: 
no such element: Unable to locate element: {"method":"css selector","selector":"main.main_content-article-text h1"}
  (Session info: chrome=63.0.3239.132)
  (Driver info: chromedriver=2.34.522932 (4140ab217e1ca1bec0c4b4d1b148f3361eb3a03e),platform=Mac OS X 10.12.6 x86_64) (WARNING: The server did not provide any stacktrace information)
Command duration or timeout: 20.05 seconds
For documentation on this error, please visit: http://seleniumhq.org/exceptions/no_such_element.html
Build info: version: '3.4.0', revision: 'unknown', time: 'unknown'
System info: host: 'HAMACLT0082', ip: 'fe80:0:0:0:18c3:930b:6e49:99ac%en0', os.name: 'Mac OS X', os.arch: 'x86_64', os.version: '10.12.6', java.version: '1.8.0_144'
Driver info: org.openqa.selenium.chrome.ChromeDriver
Capabilities [{applicationCacheEnabled=false, rotatable=false, mobileEmulationEnabled=false, networkConnectionEnabled=false, chrome={chromedriverVersion=2.34.522932 (4140ab217e1ca1bec0c4b4d1b148f3361eb3a03e), userDataDir=/var/folders/7j/vbgtkd3935xdgks4tc5rzmk80000gn/T/.org.chromium.Chromium.ZB6Jwg}, takesHeapSnapshot=true, pageLoadStrategy=normal, databaseEnabled=false, handlesAlerts=true, hasTouchScreen=false, version=63.0.3239.132, platform=MAC, browserConnectionEnabled=false, nativeEvents=true, acceptSslCerts=true, locationContextEnabled=true, webStorageEnabled=true, browserName=chrome, takesScreenshot=true, javascriptEnabled=true, cssSelectorsEnabled=true, setWindowRect=true, unexpectedAlertBehaviour=}]
Session ID: 31f03fd4ed4e6632dc40f190564f6449
*** Element info: {Using=css selector, value=main.main_content-article-text h1}

